<?xml version="1.0" encoding="UTF-8"?>
<coverage generated="1661293315011" clover="3.2.0">
  <project timestamp="1661293315011" name="All files">
    <metrics statements="26" coveredstatements="20" conditionals="8" coveredconditionals="5" methods="7" coveredmethods="4" elements="41" coveredelements="29" complexity="0" loc="26" ncloc="26" packages="2" files="2" classes="2"/>
    <package name="domain">
      <metrics statements="3" coveredstatements="3" conditionals="2" coveredconditionals="2" methods="1" coveredmethods="1"/>
      <file name="event-source.ts" path="C:\Users\hagem\Documents\Desenvolvimento\dispag\application\src\domain\event-source.ts">
        <metrics statements="3" coveredstatements="3" conditionals="2" coveredconditionals="2" methods="1" coveredmethods="1"/>
        <line num="9" count="1" type="cond" truecount="2" falsecount="0"/>
        <line num="11" count="1" type="stmt"/>
        <line num="12" count="1" type="stmt"/>
      </file>
    </package>
    <package name="resources">
      <metrics statements="23" coveredstatements="17" conditionals="6" coveredconditionals="3" methods="6" coveredmethods="3"/>
      <file name="event-source-impl.ts" path="C:\Users\hagem\Documents\Desenvolvimento\dispag\application\src\resources\event-source-impl.ts">
        <metrics statements="23" coveredstatements="17" conditionals="6" coveredconditionals="3" methods="6" coveredmethods="3"/>
        <line num="1" count="1" type="stmt"/>
        <line num="2" count="1" type="stmt"/>
        <line num="3" count="1" type="stmt"/>
        <line num="4" count="1" type="stmt"/>
        <line num="7" count="1" type="stmt"/>
        <line num="8" count="1" type="cond" truecount="2" falsecount="0"/>
        <line num="9" count="1" type="stmt"/>
        <line num="11" count="1" type="stmt"/>
        <line num="13" count="0" type="cond" truecount="0" falsecount="2"/>
        <line num="14" count="0" type="stmt"/>
        <line num="17" count="0" type="stmt"/>
        <line num="23" count="1" type="stmt"/>
        <line num="31" count="1" type="stmt"/>
        <line num="36" count="0" type="stmt"/>
        <line num="37" count="0" type="stmt"/>
        <line num="45" count="1" type="stmt"/>
        <line num="46" count="1" type="stmt"/>
        <line num="47" count="1" type="stmt"/>
        <line num="48" count="1" type="stmt"/>
        <line num="56" count="1" type="stmt"/>
        <line num="61" count="1" type="cond" truecount="1" falsecount="1"/>
        <line num="62" count="0" type="stmt"/>
        <line num="64" count="1" type="stmt"/>
      </file>
    </package>
  </project>
</coverage>
