{"C:\\Users\\hagem\\Documents\\Desenvolvimento\\dispag\\application\\src\\domain\\application-response.ts": {"path":"C:\\Users\\hagem\\Documents\\Desenvolvimento\\dispag\\application\\src\\domain\\application-response.ts","statementMap":{"0":{"start":{"line":11,"column":0},"end":{"line":11,"column":null}},"1":{"start":{"line":13,"column":4},"end":{"line":13,"column":null}},"2":{"start":{"line":14,"column":4},"end":{"line":14,"column":null}},"3":{"start":{"line":15,"column":4},"end":{"line":15,"column":null}},"4":{"start":{"line":17,"column":4},"end":{"line":17,"column":null}},"5":{"start":{"line":18,"column":4},"end":{"line":18,"column":null}},"6":{"start":{"line":19,"column":4},"end":{"line":19,"column":null}},"7":{"start":{"line":22,"column":4},"end":{"line":22,"column":null}},"8":{"start":{"line":23,"column":4},"end":{"line":23,"column":null}},"9":{"start":{"line":24,"column":4},"end":{"line":24,"column":null}},"10":{"start":{"line":25,"column":4},"end":{"line":25,"column":null}}},"fnMap":{"0":{"name":"(anonymous_0)","decl":{"start":{"line":11,"column":0},"end":{"line":11,"column":12}},"loc":{"start":{"line":11,"column":22},"end":{"line":26,"column":1}}}},"branchMap":{"0":{"loc":{"start":{"line":11,"column":12},"end":{"line":11,"column":null}},"type":"binary-expr","locations":[{"start":{"line":11,"column":12},"end":{"line":11,"column":22}},{"start":{"line":11,"column":12},"end":{"line":11,"column":null}}]}},"s":{"0":1,"1":1,"2":1,"3":1,"4":1,"5":1,"6":1,"7":1,"8":1,"9":1,"10":1},"f":{"0":1},"b":{"0":[1,1]}}
,"C:\\Users\\hagem\\Documents\\Desenvolvimento\\dispag\\application\\src\\domain\\event-source.ts": {"path":"C:\\Users\\hagem\\Documents\\Desenvolvimento\\dispag\\application\\src\\domain\\event-source.ts","statementMap":{"0":{"start":{"line":9,"column":0},"end":{"line":9,"column":null}},"1":{"start":{"line":11,"column":4},"end":{"line":11,"column":null}},"2":{"start":{"line":12,"column":4},"end":{"line":12,"column":null}}},"fnMap":{"0":{"name":"(anonymous_0)","decl":{"start":{"line":9,"column":0},"end":{"line":9,"column":12}},"loc":{"start":{"line":9,"column":24},"end":{"line":13,"column":1}}}},"branchMap":{"0":{"loc":{"start":{"line":9,"column":12},"end":{"line":9,"column":null}},"type":"binary-expr","locations":[{"start":{"line":9,"column":12},"end":{"line":9,"column":24}},{"start":{"line":9,"column":12},"end":{"line":9,"column":null}}]}},"s":{"0":1,"1":1,"2":1},"f":{"0":1},"b":{"0":[1,1]}}
,"C:\\Users\\hagem\\Documents\\Desenvolvimento\\dispag\\application\\src\\helpers\\application-response-impl.ts": {"path":"C:\\Users\\hagem\\Documents\\Desenvolvimento\\dispag\\application\\src\\helpers\\application-response-impl.ts","statementMap":{"0":{"start":{"line":1,"column":0},"end":{"line":1,"column":91}},"1":{"start":{"line":8,"column":8},"end":{"line":18,"column":10}},"2":{"start":{"line":22,"column":7},"end":{"line":25,"column":10}},"3":{"start":{"line":29,"column":7},"end":{"line":38,"column":10}},"4":{"start":{"line":42,"column":8},"end":{"line":52,"column":10}},"5":{"start":{"line":56,"column":8},"end":{"line":67,"column":10}},"6":{"start":{"line":71,"column":8},"end":{"line":81,"column":10}},"7":{"start":{"line":85,"column":8},"end":{"line":99,"column":8}},"8":{"start":{"line":103,"column":8},"end":{"line":113,"column":10}},"9":{"start":{"line":4,"column":0},"end":{"line":4,"column":13}}},"fnMap":{"0":{"name":"(anonymous_0)","decl":{"start":{"line":6,"column":4},"end":{"line":6,"column":18}},"loc":{"start":{"line":6,"column":30},"end":{"line":19,"column":5}}},"1":{"name":"(anonymous_1)","decl":{"start":{"line":21,"column":4},"end":{"line":21,"column":29}},"loc":{"start":{"line":21,"column":41},"end":{"line":26,"column":5}}},"2":{"name":"(anonymous_2)","decl":{"start":{"line":28,"column":4},"end":{"line":28,"column":33}},"loc":{"start":{"line":28,"column":45},"end":{"line":39,"column":5}}},"3":{"name":"(anonymous_3)","decl":{"start":{"line":41,"column":4},"end":{"line":41,"column":28}},"loc":{"start":{"line":41,"column":28},"end":{"line":53,"column":5}}},"4":{"name":"(anonymous_4)","decl":{"start":{"line":55,"column":4},"end":{"line":55,"column":28}},"loc":{"start":{"line":55,"column":40},"end":{"line":68,"column":5}}},"5":{"name":"(anonymous_5)","decl":{"start":{"line":70,"column":4},"end":{"line":70,"column":37}},"loc":{"start":{"line":70,"column":37},"end":{"line":82,"column":5}}},"6":{"name":"(anonymous_6)","decl":{"start":{"line":84,"column":4},"end":{"line":84,"column":21}},"loc":{"start":{"line":84,"column":33},"end":{"line":100,"column":5}}},"7":{"name":"(anonymous_7)","decl":{"start":{"line":102,"column":4},"end":{"line":102,"column":24}},"loc":{"start":{"line":102,"column":24},"end":{"line":114,"column":5}}}},"branchMap":{},"s":{"0":1,"1":1,"2":1,"3":1,"4":1,"5":0,"6":0,"7":0,"8":0,"9":1},"f":{"0":1,"1":1,"2":1,"3":1,"4":0,"5":0,"6":0,"7":0},"b":{}}
,"C:\\Users\\hagem\\Documents\\Desenvolvimento\\dispag\\application\\src\\resources\\event-source-impl.ts": {"path":"C:\\Users\\hagem\\Documents\\Desenvolvimento\\dispag\\application\\src\\resources\\event-source-impl.ts","statementMap":{"0":{"start":{"line":1,"column":0},"end":{"line":1,"column":39}},"1":{"start":{"line":2,"column":0},"end":{"line":2,"column":26}},"2":{"start":{"line":3,"column":0},"end":{"line":3,"column":67}},"3":{"start":{"line":4,"column":0},"end":{"line":4,"column":107}},"4":{"start":{"line":7,"column":12},"end":{"line":7,"column":46}},"5":{"start":{"line":8,"column":19},"end":{"line":8,"column":49}},"6":{"start":{"line":9,"column":18},"end":{"line":9,"column":19}},"7":{"start":{"line":11,"column":27},"end":{"line":20,"column":3}},"8":{"start":{"line":13,"column":4},"end":{"line":18,"column":null}},"9":{"start":{"line":14,"column":6},"end":{"line":14,"column":null}},"10":{"start":{"line":17,"column":6},"end":{"line":17,"column":66}},"11":{"start":{"line":23,"column":0},"end":{"line":67,"column":null}},"12":{"start":{"line":31,"column":8},"end":{"line":31,"column":50}},"13":{"start":{"line":36,"column":21},"end":{"line":36,"column":101}},"14":{"start":{"line":37,"column":8},"end":{"line":40,"column":34}},"15":{"start":{"line":45,"column":25},"end":{"line":45,"column":55}},"16":{"start":{"line":46,"column":8},"end":{"line":46,"column":100}},"17":{"start":{"line":46,"column":42},"end":{"line":46,"column":98}},"18":{"start":{"line":47,"column":21},"end":{"line":47,"column":101}},"19":{"start":{"line":48,"column":8},"end":{"line":51,"column":34}},"20":{"start":{"line":56,"column":8},"end":{"line":60,"column":null}},"21":{"start":{"line":61,"column":8},"end":{"line":64,"column":39}},"22":{"start":{"line":62,"column":12},"end":{"line":62,"column":40}},"23":{"start":{"line":64,"column":12},"end":{"line":64,"column":39}},"24":{"start":{"line":23,"column":13},"end":{"line":67,"column":null}},"25":{"start":{"line":23,"column":13},"end":{"line":23,"column":28}}},"fnMap":{"0":{"name":"(anonymous_2)","decl":{"start":{"line":11,"column":27},"end":{"line":11,"column":28}},"loc":{"start":{"line":11,"column":53},"end":{"line":20,"column":3}}},"1":{"name":"(anonymous_3)","decl":{"start":{"line":29,"column":4},"end":{"line":29,"column":null}},"loc":{"start":{"line":29,"column":4},"end":{"line":32,"column":5}}},"2":{"name":"(anonymous_4)","decl":{"start":{"line":34,"column":12},"end":{"line":34,"column":17}},"loc":{"start":{"line":34,"column":25},"end":{"line":41,"column":5}}},"3":{"name":"(anonymous_5)","decl":{"start":{"line":43,"column":12},"end":{"line":43,"column":17}},"loc":{"start":{"line":43,"column":24},"end":{"line":52,"column":5}}},"4":{"name":"(anonymous_6)","decl":{"start":{"line":46,"column":29},"end":{"line":46,"column":34}},"loc":{"start":{"line":46,"column":40},"end":{"line":46,"column":98}}},"5":{"name":"(anonymous_7)","decl":{"start":{"line":54,"column":4},"end":{"line":54,"column":9}},"loc":{"start":{"line":54,"column":41},"end":{"line":65,"column":5}}}},"branchMap":{"0":{"loc":{"start":{"line":8,"column":19},"end":{"line":8,"column":49}},"type":"binary-expr","locations":[{"start":{"line":8,"column":19},"end":{"line":8,"column":43}},{"start":{"line":8,"column":47},"end":{"line":8,"column":49}}]},"1":{"loc":{"start":{"line":13,"column":4},"end":{"line":18,"column":null}},"type":"if","locations":[{"start":{"line":13,"column":4},"end":{"line":18,"column":null}},{"start":{"line":15,"column":10},"end":{"line":18,"column":null}}]},"2":{"loc":{"start":{"line":61,"column":8},"end":{"line":64,"column":39}},"type":"if","locations":[{"start":{"line":61,"column":8},"end":{"line":64,"column":39}},{"start":{"line":64,"column":12},"end":{"line":64,"column":39}}]}},"s":{"0":1,"1":1,"2":1,"3":1,"4":1,"5":1,"6":1,"7":1,"8":0,"9":0,"10":0,"11":1,"12":1,"13":0,"14":0,"15":1,"16":1,"17":0,"18":1,"19":1,"20":1,"21":1,"22":0,"23":1,"24":1,"25":1},"f":{"0":0,"1":1,"2":0,"3":1,"4":0,"5":1},"b":{"0":[1,1],"1":[0,0],"2":[0,1]}}
}
