TN:
SF:src\domain\event-source.ts
FN:9,(anonymous_0)
FNF:1
FNH:1
FNDA:1,(anonymous_0)
DA:9,1
DA:11,1
DA:12,1
LF:3
LH:3
BRDA:9,0,0,1
BRDA:9,0,1,1
BRF:2
BRH:2
end_of_record
TN:
SF:src\resources\event-source-impl.ts
FN:11,(anonymous_2)
FN:29,(anonymous_3)
FN:34,(anonymous_4)
FN:43,(anonymous_5)
FN:46,(anonymous_6)
FN:54,(anonymous_7)
FNF:6
FNH:3
FNDA:0,(anonymous_2)
FNDA:1,(anonymous_3)
FNDA:0,(anonymous_4)
FNDA:1,(anonymous_5)
FNDA:0,(anonymous_6)
FNDA:1,(anonymous_7)
DA:1,1
DA:2,1
DA:3,1
DA:4,1
DA:7,1
DA:8,1
DA:9,1
DA:11,1
DA:13,0
DA:14,0
DA:17,0
DA:23,1
DA:31,1
DA:36,0
DA:37,0
DA:45,1
DA:46,1
DA:47,1
DA:48,1
DA:56,1
DA:61,1
DA:62,0
DA:64,1
LF:23
LH:17
BRDA:8,0,0,1
BRDA:8,0,1,1
BRDA:13,1,0,0
BRDA:13,1,1,0
BRDA:61,2,0,0
BRDA:61,2,1,1
BRF:6
BRH:3
end_of_record
