TN:
SF:src\container\types.ts
FNF:0
FNH:0
DA:1,3
DA:8,3
LF:2
LH:2
BRF:0
BRH:0
end_of_record
TN:
SF:src\domain\application-response.ts
FN:11,(anonymous_0)
FNF:1
FNH:1
FNDA:2,(anonymous_0)
DA:11,2
DA:13,2
DA:14,2
DA:15,2
DA:17,2
DA:18,2
DA:19,2
DA:22,2
DA:23,2
DA:24,2
DA:25,2
LF:11
LH:11
BRDA:11,0,0,2
BRDA:11,0,1,2
BRF:2
BRH:2
end_of_record
TN:
SF:src\domain\event-source.ts
FN:9,(anonymous_0)
FNF:1
FNH:1
FNDA:1,(anonymous_0)
DA:9,1
DA:11,1
DA:12,1
LF:3
LH:3
BRDA:9,0,0,1
BRDA:9,0,1,1
BRF:2
BRH:2
end_of_record
TN:
SF:src\exceptions\exception.ts
FN:11,(anonymous_0)
FN:20,(anonymous_1)
FN:29,(anonymous_2)
FN:38,(anonymous_3)
FN:47,(anonymous_4)
FN:56,(anonymous_5)
FN:66,(anonymous_6)
FNF:7
FNH:3
FNDA:0,(anonymous_0)
FNDA:0,(anonymous_1)
FNDA:0,(anonymous_2)
FNDA:1,(anonymous_3)
FNDA:1,(anonymous_4)
FNDA:0,(anonymous_5)
FNDA:1,(anonymous_6)
DA:1,1
DA:2,1
DA:3,1
DA:4,1
DA:5,1
DA:6,1
DA:7,1
DA:10,1
DA:12,0
DA:13,0
DA:14,0
DA:15,0
DA:19,1
DA:21,0
DA:22,0
DA:23,0
DA:24,0
DA:28,1
DA:30,0
DA:31,0
DA:32,0
DA:33,0
DA:37,1
DA:39,1
DA:40,1
DA:41,1
DA:42,1
DA:46,1
DA:48,1
DA:49,1
DA:50,1
DA:51,1
DA:55,1
DA:57,0
DA:58,0
DA:59,0
DA:60,0
DA:65,1
DA:67,1
DA:68,1
DA:69,1
DA:70,1
LF:42
LH:26
BRF:0
BRH:0
end_of_record
TN:
SF:src\helpers\application-response-impl.ts
FN:8,(anonymous_1)
FN:23,(anonymous_2)
FN:30,(anonymous_3)
FN:43,(anonymous_4)
FN:57,(anonymous_5)
FN:72,(anonymous_6)
FN:86,(anonymous_7)
FN:104,(anonymous_8)
FNF:8
FNH:8
FNDA:1,(anonymous_1)
FNDA:1,(anonymous_2)
FNDA:2,(anonymous_3)
FNDA:2,(anonymous_4)
FNDA:2,(anonymous_5)
FNDA:2,(anonymous_6)
FNDA:1,(anonymous_7)
FNDA:1,(anonymous_8)
DA:1,2
DA:2,2
DA:3,2
DA:6,2
DA:10,1
DA:24,1
DA:31,2
DA:44,2
DA:58,2
DA:73,2
DA:87,1
DA:105,1
LF:12
LH:12
BRF:0
BRH:0
end_of_record
TN:
SF:src\helpers\command-response-impl.ts
FN:13,(anonymous_4)
FN:15,(anonymous_5)
FN:30,(anonymous_6)
FNF:3
FNH:3
FNDA:1,(anonymous_4)
FNDA:3,(anonymous_5)
FNDA:1,(anonymous_6)
DA:1,1
DA:2,1
DA:3,1
DA:6,1
DA:8,1
DA:11,1
DA:13,1
DA:16,3
DA:18,1
DA:20,2
DA:22,1
DA:24,1
DA:26,1
DA:31,1
LF:14
LH:14
BRDA:16,0,0,1
BRDA:20,1,0,1
BRDA:24,2,0,1
BRF:3
BRH:3
end_of_record
TN:
SF:src\repositories\debito-repository-impl.ts
FN:12,(anonymous_4)
FN:16,(anonymous_5)
FN:50,(anonymous_6)
FNF:3
FNH:3
FNDA:2,(anonymous_4)
FNDA:1,(anonymous_5)
FNDA:1,(anonymous_6)
DA:1,2
DA:2,2
DA:3,2
DA:4,2
DA:10,2
DA:12,2
DA:17,1
DA:46,1
DA:47,1
DA:51,1
DA:61,1
DA:62,1
LF:12
LH:12
BRDA:47,0,0,1
BRDA:47,0,1,0
BRDA:62,1,0,1
BRDA:62,1,1,0
BRDA:12,2,0,2
BRDA:12,2,1,0
BRDA:12,3,0,2
BRDA:12,3,1,2
BRF:8
BRH:5
end_of_record
TN:
SF:src\resources\event-source-impl.ts
FN:11,(anonymous_2)
FN:29,(anonymous_3)
FN:34,(anonymous_4)
FN:43,(anonymous_5)
FN:46,(anonymous_6)
FN:54,(anonymous_7)
FNF:6
FNH:3
FNDA:0,(anonymous_2)
FNDA:1,(anonymous_3)
FNDA:0,(anonymous_4)
FNDA:1,(anonymous_5)
FNDA:0,(anonymous_6)
FNDA:1,(anonymous_7)
DA:1,1
DA:2,1
DA:3,1
DA:4,1
DA:7,1
DA:8,1
DA:9,1
DA:11,1
DA:13,0
DA:14,0
DA:17,0
DA:23,1
DA:31,1
DA:36,0
DA:37,0
DA:45,1
DA:46,1
DA:47,1
DA:48,1
DA:56,1
DA:61,1
DA:62,0
DA:64,1
LF:23
LH:17
BRDA:8,0,0,1
BRDA:8,0,1,1
BRDA:13,1,0,0
BRDA:13,1,1,0
BRDA:61,2,0,0
BRDA:61,2,1,1
BRF:6
BRH:3
end_of_record
